#
# A fatal error has been detected by the Java Runtime Environment:
#
#  Internal Error (javaClasses.cpp:129), pid=3840, tid=9868
#  fatal error: Invalid layout of preloaded class
#
# JRE version: 7.0_21-b11
# Java VM: Java HotSpot(TM) 64-Bit Server VM (23.21-b01 mixed mode windows-amd64 compressed oops)
# Failed to write core dump. Minidumps are not enabled by default on client versions of Windows
#
# If you would like to submit a bug report, please visit:
#   http://bugreport.sun.com/bugreport/crash.jsp
#

---------------  T H R E A D  ---------------

Current thread (0x00000000021ae000):  JavaThread "Unknown thread" [_thread_in_vm, id=9868, stack(0x00000000021b0000,0x00000000022b0000)]

Stack: [0x00000000021b0000,0x00000000022b0000]

---------------  P R O C E S S  ---------------

Java Threads: ( => current thread )

Other Threads:

=>0x00000000021ae000 (exited) JavaThread "Unknown thread" [_thread_in_vm, id=9868, stack(0x00000000021b0000,0x00000000022b0000)]

VM state:not at safepoint (not fully initialized)

VM Mutex/Monitor currently owned by a thread: None

GC Heap History (0 events):
No events

Deoptimization events (0 events):
No events

Internal exceptions (0 events):
No events

Events (10 events):
Event: 0.017 loading class 0x00000000022bad10 done
Event: 0.017 loading class 0x00000000022c8f80 done
Event: 0.017 loading class 0x00000000022c8fb0
Event: 0.018 loading class 0x0000000008acdbf0
Event: 0.018 loading class 0x0000000008acdbf0 done
Event: 0.018 loading class 0x0000000008acdcf0
Event: 0.018 loading class 0x0000000008acdcf0 done
Event: 0.018 loading class 0x0000000008acc400
Event: 0.018 loading class 0x0000000008acc400 done
Event: 0.018 loading class 0x00000000022c8fb0 done


Dynamic libraries:
0x00007ff7c2400000 - 0x00007ff7c2433000 	C:\Program Files\Java\jre7\bin\javaw.exe
0x00007ff98f350000 - 0x00007ff98f511000 	C:\WINDOWS\SYSTEM32\ntdll.dll
0x00007ff98e340000 - 0x00007ff98e3ed000 	C:\WINDOWS\system32\KERNEL32.DLL
0x00007ff98ba00000 - 0x00007ff98bbe8000 	C:\WINDOWS\system32\KERNELBASE.dll
0x00007ff98a000000 - 0x00007ff98a079000 	C:\WINDOWS\system32\apphelp.dll
0x00007ff97db20000 - 0x00007ff97db73000 	C:\WINDOWS\AppPatch\AppPatch64\AcGenral.DLL
0x00007ff98ecc0000 - 0x00007ff98ed5d000 	C:\WINDOWS\system32\msvcrt.dll
0x00007ff98e160000 - 0x00007ff98e1bb000 	C:\WINDOWS\system32\sechost.dll
0x00007ff98f060000 - 0x00007ff98f17c000 	C:\WINDOWS\system32\RPCRT4.dll
0x00007ff98c8c0000 - 0x00007ff98c912000 	C:\WINDOWS\system32\SHLWAPI.dll
0x00007ff98edc0000 - 0x00007ff98f03d000 	C:\WINDOWS\system32\combase.dll
0x00007ff98c4d0000 - 0x00007ff98c53a000 	C:\WINDOWS\system32\bcryptPrimitives.dll
0x00007ff98e3f0000 - 0x00007ff98e576000 	C:\WINDOWS\system32\GDI32.dll
0x00007ff98f1f0000 - 0x00007ff98f346000 	C:\WINDOWS\system32\USER32.dll
0x00007ff98eb70000 - 0x00007ff98ecb3000 	C:\WINDOWS\system32\ole32.dll
0x00007ff98c9d0000 - 0x00007ff98df2f000 	C:\WINDOWS\system32\SHELL32.dll
0x00007ff98c540000 - 0x00007ff98c583000 	C:\WINDOWS\system32\cfgmgr32.dll
0x00007ff98bcb0000 - 0x00007ff98c2f4000 	C:\WINDOWS\system32\windows.storage.dll
0x00007ff98c920000 - 0x00007ff98c9c7000 	C:\WINDOWS\system32\advapi32.dll
0x00007ff98b9f0000 - 0x00007ff98b9ff000 	C:\WINDOWS\system32\kernel.appcore.dll
0x00007ff98bbf0000 - 0x00007ff98bca5000 	C:\WINDOWS\system32\shcore.dll
0x00007ff98b990000 - 0x00007ff98b9db000 	C:\WINDOWS\system32\powrprof.dll
0x00007ff98b970000 - 0x00007ff98b984000 	C:\WINDOWS\system32\profapi.dll
0x00007ff98b5f0000 - 0x00007ff98b61d000 	C:\WINDOWS\SYSTEM32\SspiCli.dll
0x00007ff98b0d0000 - 0x00007ff98b0ef000 	C:\WINDOWS\SYSTEM32\USERENV.dll
0x00007ff97e9f0000 - 0x00007ff97ea0b000 	C:\WINDOWS\SYSTEM32\MPR.dll
0x00007ff98c860000 - 0x00007ff98c89b000 	C:\WINDOWS\system32\IMM32.DLL
0x00007ff981220000 - 0x00007ff981494000 	C:\WINDOWS\WinSxS\amd64_microsoft.windows.common-controls_6595b64144ccf1df_6.0.10586.0_none_8c15ae12515e1c22\COMCTL32.dll
0x000000005fa40000 - 0x000000005fb11000 	C:\Program Files\Java\jre7\bin\msvcr100.dll
0x000000005ef30000 - 0x000000005f651000 	C:\Program Files\Java\jre7\bin\server\jvm.dll
0x00007ff98f050000 - 0x00007ff98f058000 	C:\WINDOWS\system32\PSAPI.DLL
0x00007ff981060000 - 0x00007ff981069000 	C:\WINDOWS\SYSTEM32\WSOCK32.dll
0x00007ff9898a0000 - 0x00007ff9898c3000 	C:\WINDOWS\SYSTEM32\WINMM.dll
0x00007ff98e220000 - 0x00007ff98e28b000 	C:\WINDOWS\system32\WS2_32.dll
0x00007ff989870000 - 0x00007ff98989c000 	C:\WINDOWS\SYSTEM32\WINMMBASE.dll
0x000000005ef20000 - 0x000000005ef2f000 	C:\Program Files\Java\jre7\bin\verify.dll
0x000000005eef0000 - 0x000000005ef18000 	C:\Program Files\Java\jre7\bin\java.dll
0x000000005eed0000 - 0x000000005eee5000 	C:\Program Files\Java\jre7\bin\zip.dll

VM Arguments:
jvm_args: -Dfile.encoding=Cp1252 -Xbootclasspath:E:\Android setup\adt-bundle-windows-x86_64-20131030\sdk\platforms\android-19\android.jar 
java_command: com.example.attendance_app.Mark_Attendance_Activity$InputStreamToStringExample
Launcher Type: SUN_STANDARD

Environment Variables:
JAVA_HOME=C:\Program Files (x86)\Java\jdk1.7.0
PATH=C:\Program Files (x86)\Intel\iCLS Client\;C:\Program Files\Intel\iCLS Client\;C:\Program Files (x86)\AMD APP\bin\x86_64;C:\Program Files (x86)\AMD APP\bin\x86;C:\WINDOWS\system32;C:\WINDOWS;C:\WINDOWS\System32\Wbem;C:\WINDOWS\System32\WindowsPowerShell\v1.0\;C:\Program Files (x86)\ATI Technologies\ATI.ACE\Core-Static;C:\Program Files\Intel\Intel(R) Management Engine Components\DAL;C:\Program Files\Intel\Intel(R) Management Engine Components\IPT;C:\Program Files (x86)\Intel\Intel(R) Management Engine Components\DAL;C:\Program Files (x86)\Intel\Intel(R) Management Engine Components\IPT;C:\Program Files\Sony\VAIO Improvement\;C:\Program Files (x86)\Sony\VAIO Startup Setting Tool;C:\Program Files (x86)\Java\jdk1.7.0\bin;C:\Program Files (x86)\Git\bin;C:\Program Files (x86)\Skype\Phone\;C:\Program Files (x86)\Common Files\lenovo\easyplussdk\bin;E:\adt-bundle-windows-x86_64-20131030\adt-bundle-windows-x86_64-20131030\sdk\platform-tools;E:\adt-bundle-windows-x86_64-20131030\adt-bundle-windows-x86_64-20131030\sdk\tools;C:\Ant\apache-ant-1.9.5\bin;C:\Program Files (x86)\Java\jdk1.7.0\bin;;C:\Modeltech_6.2c\win32
USERNAME=krishna
OS=Windows_NT
PROCESSOR_IDENTIFIER=Intel64 Family 6 Model 58 Stepping 9, GenuineIntel



---------------  S Y S T E M  ---------------

OS: Windows 8 , 64 bit Build 9200 

CPU:total 8 (4 cores per cpu, 2 threads per core) family 6 model 58 stepping 9, cmov, cx8, fxsr, mmx, sse, sse2, sse3, ssse3, sse4.1, sse4.2, popcnt, avx, ht, tsc, tscinvbit, tscinv

Memory: 4k page, physical 4140316k(876260k free), swap 9079024k(1733664k free)

vm_info: Java HotSpot(TM) 64-Bit Server VM (23.21-b01) for windows-amd64 JRE (1.7.0_21-b11), built on Apr  4 2013 08:11:28 by "java_re" with unknown MS VC++:1600

time: Thu Feb 18 17:29:29 2016
elapsed time: 0 seconds

